<?xml version="1.0" encoding="UTF-8"?>
<!-- Generated by org.testng.reporters.JUnitReportReporter -->
<testsuite hostname="DESKTOP-3IKNG7M" failures="0" tests="1" name="Tests.Drag_Drop_Test" time="5.015" errors="0" timestamp="2025-04-10T14:34:43 EET" skipped="0">
  <testcase classname="Tests.Drag_Drop_Test" name="Drag_Drop" time="5.015"/>
</testsuite> <!-- Tests.Drag_Drop_Test -->
