<?xml version="1.0" encoding="UTF-8"?>
<!-- Generated by org.testng.reporters.JUnitReportReporter -->
<testsuite hostname="DESKTOP-3IKNG7M" failures="0" tests="2" name="Pages.Login_Pages" time="0.032" errors="0" timestamp="2025-04-10T00:41:06 EET" skipped="0">
  <testcase classname="Pages.Login_Pages" name="Func" time="0.025"/>
  <testcase classname="Pages.Login_Pages" name="Func2" time="0.007"/>
</testsuite> <!-- Pages.Login_Pages -->
